Jan 12, 2016 12:50:53 AM org.apache.catalina.core.StandardServer await
INFO: A valid shutdown command was received via the shutdown port. Stopping the Server instance.
Jan 12, 2016 12:50:53 AM org.apache.coyote.AbstractProtocol pause
INFO: Pausing ProtocolHandler ["http-apr-8080"]
Jan 12, 2016 12:50:53 AM org.apache.coyote.AbstractProtocol pause
INFO: Pausing ProtocolHandler ["ajp-apr-8009"]
Jan 12, 2016 12:50:53 AM org.apache.catalina.core.StandardService stopInternal
INFO: Stopping service Catalina
Jan 12, 2016 12:50:53 AM org.apache.catalina.loader.WebappClassLoaderBase clearReferencesThreads
SEVERE: The web application [/impossible] appears to have started a thread named [Abandoned connection cleanup thread] but has failed to stop it. This is very likely to create a memory leak.
Jan 12, 2016 12:50:53 AM org.apache.coyote.AbstractProtocol stop
INFO: Stopping ProtocolHandler ["http-apr-8080"]
Jan 12, 2016 12:50:53 AM org.apache.coyote.AbstractProtocol stop
INFO: Stopping ProtocolHandler ["ajp-apr-8009"]
Jan 12, 2016 12:50:53 AM org.apache.coyote.AbstractProtocol destroy
INFO: Destroying ProtocolHandler ["http-apr-8080"]
Jan 12, 2016 12:50:53 AM org.apache.coyote.AbstractProtocol destroy
INFO: Destroying ProtocolHandler ["ajp-apr-8009"]
Jan 12, 2016 11:27:39 PM org.apache.catalina.startup.VersionLoggerListener log
INFO: Server version:        Apache Tomcat/7.0.67
Jan 12, 2016 11:27:39 PM org.apache.catalina.startup.VersionLoggerListener log
INFO: Server built:          Dec 7 2015 13:07:11 UTC
Jan 12, 2016 11:27:39 PM org.apache.catalina.startup.VersionLoggerListener log
INFO: Server number:         7.0.67.0
Jan 12, 2016 11:27:39 PM org.apache.catalina.startup.VersionLoggerListener log
INFO: OS Name:               Windows 7
Jan 12, 2016 11:27:39 PM org.apache.catalina.startup.VersionLoggerListener log
INFO: OS Version:            6.1
Jan 12, 2016 11:27:39 PM org.apache.catalina.startup.VersionLoggerListener log
INFO: Architecture:          amd64
Jan 12, 2016 11:27:39 PM org.apache.catalina.startup.VersionLoggerListener log
INFO: Java Home:             C:\Program Files\Java\jre1.8.0_66
Jan 12, 2016 11:27:39 PM org.apache.catalina.startup.VersionLoggerListener log
INFO: JVM Version:           1.8.0_66-b18
Jan 12, 2016 11:27:39 PM org.apache.catalina.startup.VersionLoggerListener log
INFO: JVM Vendor:            Oracle Corporation
Jan 12, 2016 11:27:39 PM org.apache.catalina.startup.VersionLoggerListener log
INFO: CATALINA_BASE:         C:\apache-tomcat-7.0.67
Jan 12, 2016 11:27:39 PM org.apache.catalina.startup.VersionLoggerListener log
INFO: CATALINA_HOME:         C:\apache-tomcat-7.0.67
Jan 12, 2016 11:27:39 PM org.apache.catalina.startup.VersionLoggerListener log
INFO: Command line argument: -Djava.util.logging.config.file=C:\apache-tomcat-7.0.67\conf\logging.properties
Jan 12, 2016 11:27:39 PM org.apache.catalina.startup.VersionLoggerListener log
INFO: Command line argument: -Djava.util.logging.manager=org.apache.juli.ClassLoaderLogManager
Jan 12, 2016 11:27:39 PM org.apache.catalina.startup.VersionLoggerListener log
INFO: Command line argument: -Djava.endorsed.dirs=C:\apache-tomcat-7.0.67\endorsed
Jan 12, 2016 11:27:39 PM org.apache.catalina.startup.VersionLoggerListener log
INFO: Command line argument: -Dcatalina.base=C:\apache-tomcat-7.0.67
Jan 12, 2016 11:27:39 PM org.apache.catalina.startup.VersionLoggerListener log
INFO: Command line argument: -Dcatalina.home=C:\apache-tomcat-7.0.67
Jan 12, 2016 11:27:39 PM org.apache.catalina.startup.VersionLoggerListener log
INFO: Command line argument: -Djava.io.tmpdir=C:\apache-tomcat-7.0.67\temp
Jan 12, 2016 11:27:39 PM org.apache.catalina.core.AprLifecycleListener lifecycleEvent
INFO: Loaded APR based Apache Tomcat Native library 1.1.33 using APR version 1.5.1.
Jan 12, 2016 11:27:39 PM org.apache.catalina.core.AprLifecycleListener lifecycleEvent
INFO: APR capabilities: IPv6 [true], sendfile [true], accept filters [false], random [true].
Jan 12, 2016 11:27:40 PM org.apache.catalina.core.AprLifecycleListener initializeSSL
INFO: OpenSSL successfully initialized (OpenSSL 1.0.1m 19 Mar 2015)
Jan 12, 2016 11:27:40 PM org.apache.coyote.AbstractProtocol init
INFO: Initializing ProtocolHandler ["http-apr-8080"]
Jan 12, 2016 11:27:40 PM org.apache.coyote.AbstractProtocol init
INFO: Initializing ProtocolHandler ["ajp-apr-8009"]
Jan 12, 2016 11:27:40 PM org.apache.catalina.startup.Catalina load
INFO: Initialization processed in 1710 ms
Jan 12, 2016 11:27:40 PM org.apache.catalina.core.StandardService startInternal
INFO: Starting service Catalina
Jan 12, 2016 11:27:40 PM org.apache.catalina.core.StandardEngine startInternal
INFO: Starting Servlet Engine: Apache Tomcat/7.0.67
Jan 12, 2016 11:27:40 PM org.apache.catalina.startup.HostConfig deployDirectory
INFO: Deploying web application directory C:\apache-tomcat-7.0.67\webapps\.metadata
Jan 12, 2016 11:27:41 PM org.apache.catalina.startup.TldConfig execute
INFO: At least one JAR was scanned for TLDs yet contained no TLDs. Enable debug logging for this logger for a complete list of JARs that were scanned but no TLDs were found in them. Skipping unneeded JARs during scanning can improve startup time and JSP compilation time.
Jan 12, 2016 11:27:44 PM org.apache.catalina.util.SessionIdGeneratorBase createSecureRandom
INFO: Creation of SecureRandom instance for session ID generation using [SHA1PRNG] took [3,272] milliseconds.
Jan 12, 2016 11:27:44 PM org.apache.catalina.startup.HostConfig deployDirectory
INFO: Deployment of web application directory C:\apache-tomcat-7.0.67\webapps\.metadata has finished in 3,968 ms
Jan 12, 2016 11:27:44 PM org.apache.catalina.startup.HostConfig deployDirectory
INFO: Deploying web application directory C:\apache-tomcat-7.0.67\webapps\.recommenders
Jan 12, 2016 11:27:44 PM org.apache.catalina.startup.TldConfig execute
INFO: At least one JAR was scanned for TLDs yet contained no TLDs. Enable debug logging for this logger for a complete list of JARs that were scanned but no TLDs were found in them. Skipping unneeded JARs during scanning can improve startup time and JSP compilation time.
Jan 12, 2016 11:27:44 PM org.apache.catalina.startup.HostConfig deployDirectory
INFO: Deployment of web application directory C:\apache-tomcat-7.0.67\webapps\.recommenders has finished in 89 ms
Jan 12, 2016 11:27:44 PM org.apache.catalina.startup.HostConfig deployDirectory
INFO: Deploying web application directory C:\apache-tomcat-7.0.67\webapps\docs
Jan 12, 2016 11:27:44 PM org.apache.catalina.startup.TldConfig execute
INFO: At least one JAR was scanned for TLDs yet contained no TLDs. Enable debug logging for this logger for a complete list of JARs that were scanned but no TLDs were found in them. Skipping unneeded JARs during scanning can improve startup time and JSP compilation time.
Jan 12, 2016 11:27:44 PM org.apache.catalina.startup.HostConfig deployDirectory
INFO: Deployment of web application directory C:\apache-tomcat-7.0.67\webapps\docs has finished in 127 ms
Jan 12, 2016 11:27:44 PM org.apache.catalina.startup.HostConfig deployDirectory
INFO: Deploying web application directory C:\apache-tomcat-7.0.67\webapps\examples
Jan 12, 2016 11:27:45 PM org.apache.catalina.startup.TldConfig execute
INFO: At least one JAR was scanned for TLDs yet contained no TLDs. Enable debug logging for this logger for a complete list of JARs that were scanned but no TLDs were found in them. Skipping unneeded JARs during scanning can improve startup time and JSP compilation time.
Jan 12, 2016 11:27:45 PM org.apache.catalina.startup.HostConfig deployDirectory
INFO: Deployment of web application directory C:\apache-tomcat-7.0.67\webapps\examples has finished in 784 ms
Jan 12, 2016 11:27:45 PM org.apache.catalina.startup.HostConfig deployDirectory
INFO: Deploying web application directory C:\apache-tomcat-7.0.67\webapps\host-manager
Jan 12, 2016 11:27:45 PM org.apache.catalina.startup.TldConfig execute
INFO: At least one JAR was scanned for TLDs yet contained no TLDs. Enable debug logging for this logger for a complete list of JARs that were scanned but no TLDs were found in them. Skipping unneeded JARs during scanning can improve startup time and JSP compilation time.
Jan 12, 2016 11:27:45 PM org.apache.catalina.startup.HostConfig deployDirectory
INFO: Deployment of web application directory C:\apache-tomcat-7.0.67\webapps\host-manager has finished in 125 ms
Jan 12, 2016 11:27:45 PM org.apache.catalina.startup.HostConfig deployDirectory
INFO: Deploying web application directory C:\apache-tomcat-7.0.67\webapps\impossible
Jan 12, 2016 11:27:45 PM org.apache.catalina.startup.TldConfig execute
INFO: At least one JAR was scanned for TLDs yet contained no TLDs. Enable debug logging for this logger for a complete list of JARs that were scanned but no TLDs were found in them. Skipping unneeded JARs during scanning can improve startup time and JSP compilation time.
Jan 12, 2016 11:27:45 PM org.apache.catalina.startup.HostConfig deployDirectory
INFO: Deployment of web application directory C:\apache-tomcat-7.0.67\webapps\impossible has finished in 74 ms
Jan 12, 2016 11:27:45 PM org.apache.catalina.startup.HostConfig deployDirectory
INFO: Deploying web application directory C:\apache-tomcat-7.0.67\webapps\ImpossibleServletApplication
Jan 12, 2016 11:27:46 PM org.apache.catalina.startup.TldConfig execute
INFO: At least one JAR was scanned for TLDs yet contained no TLDs. Enable debug logging for this logger for a complete list of JARs that were scanned but no TLDs were found in them. Skipping unneeded JARs during scanning can improve startup time and JSP compilation time.
Jan 12, 2016 11:27:46 PM org.apache.catalina.startup.HostConfig deployDirectory
INFO: Deployment of web application directory C:\apache-tomcat-7.0.67\webapps\ImpossibleServletApplication has finished in 94 ms
Jan 12, 2016 11:27:46 PM org.apache.catalina.startup.HostConfig deployDirectory
INFO: Deploying web application directory C:\apache-tomcat-7.0.67\webapps\manager
Jan 12, 2016 11:27:46 PM org.apache.catalina.startup.TldConfig execute
INFO: At least one JAR was scanned for TLDs yet contained no TLDs. Enable debug logging for this logger for a complete list of JARs that were scanned but no TLDs were found in them. Skipping unneeded JARs during scanning can improve startup time and JSP compilation time.
Jan 12, 2016 11:27:46 PM org.apache.catalina.startup.HostConfig deployDirectory
INFO: Deployment of web application directory C:\apache-tomcat-7.0.67\webapps\manager has finished in 108 ms
Jan 12, 2016 11:27:46 PM org.apache.catalina.startup.HostConfig deployDirectory
INFO: Deploying web application directory C:\apache-tomcat-7.0.67\webapps\RemoteSystemsTempFiles
Jan 12, 2016 11:27:46 PM org.apache.catalina.startup.TldConfig execute
INFO: At least one JAR was scanned for TLDs yet contained no TLDs. Enable debug logging for this logger for a complete list of JARs that were scanned but no TLDs were found in them. Skipping unneeded JARs during scanning can improve startup time and JSP compilation time.
Jan 12, 2016 11:27:46 PM org.apache.catalina.startup.HostConfig deployDirectory
INFO: Deployment of web application directory C:\apache-tomcat-7.0.67\webapps\RemoteSystemsTempFiles has finished in 76 ms
Jan 12, 2016 11:27:46 PM org.apache.catalina.startup.HostConfig deployDirectory
INFO: Deploying web application directory C:\apache-tomcat-7.0.67\webapps\ROOT
Jan 12, 2016 11:27:46 PM org.apache.catalina.startup.TldConfig execute
INFO: At least one JAR was scanned for TLDs yet contained no TLDs. Enable debug logging for this logger for a complete list of JARs that were scanned but no TLDs were found in them. Skipping unneeded JARs during scanning can improve startup time and JSP compilation time.
Jan 12, 2016 11:27:46 PM org.apache.catalina.startup.HostConfig deployDirectory
INFO: Deployment of web application directory C:\apache-tomcat-7.0.67\webapps\ROOT has finished in 108 ms
Jan 12, 2016 11:27:46 PM org.apache.catalina.startup.HostConfig deployDirectory
INFO: Deploying web application directory C:\apache-tomcat-7.0.67\webapps\Servers
Jan 12, 2016 11:27:46 PM org.apache.catalina.startup.TldConfig execute
INFO: At least one JAR was scanned for TLDs yet contained no TLDs. Enable debug logging for this logger for a complete list of JARs that were scanned but no TLDs were found in them. Skipping unneeded JARs during scanning can improve startup time and JSP compilation time.
Jan 12, 2016 11:27:46 PM org.apache.catalina.startup.HostConfig deployDirectory
INFO: Deployment of web application directory C:\apache-tomcat-7.0.67\webapps\Servers has finished in 104 ms
Jan 12, 2016 11:27:46 PM org.apache.coyote.AbstractProtocol start
INFO: Starting ProtocolHandler ["http-apr-8080"]
Jan 12, 2016 11:27:46 PM org.apache.coyote.AbstractProtocol start
INFO: Starting ProtocolHandler ["ajp-apr-8009"]
Jan 12, 2016 11:27:46 PM org.apache.catalina.startup.Catalina start
INFO: Server startup in 5739 ms
Jan 12, 2016 11:29:46 PM org.apache.catalina.startup.HostConfig deployDirectory
INFO: Deploying web application directory C:\apache-tomcat-7.0.67\webapps\demo
Jan 12, 2016 11:29:46 PM org.apache.catalina.startup.TldConfig execute
INFO: At least one JAR was scanned for TLDs yet contained no TLDs. Enable debug logging for this logger for a complete list of JARs that were scanned but no TLDs were found in them. Skipping unneeded JARs during scanning can improve startup time and JSP compilation time.
Jan 12, 2016 11:29:46 PM org.apache.catalina.startup.HostConfig deployDirectory
INFO: Deployment of web application directory C:\apache-tomcat-7.0.67\webapps\demo has finished in 94 ms
Jan 12, 2016 11:41:16 PM org.apache.catalina.startup.HostConfig deployDirectory
INFO: Deploying web application directory C:\apache-tomcat-7.0.67\webapps\impossibleWeb
Jan 12, 2016 11:41:16 PM org.apache.catalina.startup.TldConfig execute
INFO: At least one JAR was scanned for TLDs yet contained no TLDs. Enable debug logging for this logger for a complete list of JARs that were scanned but no TLDs were found in them. Skipping unneeded JARs during scanning can improve startup time and JSP compilation time.
Jan 12, 2016 11:41:16 PM org.apache.catalina.startup.HostConfig deployDirectory
INFO: Deployment of web application directory C:\apache-tomcat-7.0.67\webapps\impossibleWeb has finished in 77 ms
